<?xml version="1.0" encoding="UTF-8" standalone="yes"?><testsuite errors="0" failures="0" hostName="fv-az1233-145" name="JSystem Reporter" tests="1" time="6.842" timeStamp="Thu Jun 29 16:06:44 UTC 2023"><testcase classname="Test.APITest" name="alreadyExistUser" time="5.98"/></testsuite>