<?xml version="1.0" encoding="UTF-8" standalone="yes"?><testsuite errors="0" failures="0" hostName="fv-az401-910" name="JSystem Reporter" tests="1" time="8.847" timeStamp="Wed Jul 05 09:11:44 UTC 2023"><testcase classname="Test.APITest" name="alreadyExistUser" time="7.943"/></testsuite>