<?xml version="1.0" encoding="UTF-8" standalone="yes"?><testsuite errors="0" failures="0" hostName="fv-az564-656" name="JSystem Reporter" tests="1" time="5.756" timeStamp="Sat Jul 01 16:52:06 UTC 2023"><testcase classname="Test.APITest" name="verifySupportData" time="4.821"/></testsuite>