<?xml version="1.0" encoding="UTF-8" standalone="yes"?><testsuite errors="0" failures="0" hostName="fv-az1032-146" name="JSystem Reporter" tests="1" time="3.667" timeStamp="Thu Jun 29 12:23:07 UTC 2023"><testcase classname="Test.APITest" name="checkEligibilityValidation" time="2.611"/></testsuite>