<?xml version="1.0" encoding="UTF-8" standalone="yes"?><testsuite errors="0" failures="0" hostName="fv-az419-114" name="JSystem Reporter" tests="1" time="9.575" timeStamp="Sun Jul 02 07:42:37 UTC 2023"><testcase classname="Test.APITest" name="alreadyExistUser" time="8.551"/></testsuite>