<?xml version="1.0" encoding="UTF-8" standalone="yes"?><testsuite errors="0" failures="0" hostName="fv-az1256-878" name="JSystem Reporter" tests="1" time="2.584" timeStamp="Sat Jul 01 10:25:07 UTC 2023"><testcase classname="Test.APITest" name="verifyIfNewEmployeeExist" time="1.904"/></testsuite>