<?xml version="1.0" encoding="UTF-8" standalone="yes"?><testsuite errors="0" failures="0" hostName="fv-az587-620" name="JSystem Reporter" tests="1" time="7.338" timeStamp="Sun Jul 02 07:45:52 UTC 2023"><testcase classname="Test.APITest" name="alreadyExistUser" time="6.217"/></testsuite>