<?xml version="1.0" encoding="UTF-8" standalone="yes"?><testsuite errors="0" failures="0" hostName="fv-az461-954" name="JSystem Reporter" tests="1" time="3.507" timeStamp="Sat Jul 01 07:49:38 UTC 2023"><testcase classname="Test.APITest" name="verifyEmployerID" time="2.998"/></testsuite>