<?xml version="1.0" encoding="UTF-8" standalone="yes"?><testsuite errors="0" failures="0" hostName="fv-az362-636" name="JSystem Reporter" tests="1" time="3.758" timeStamp="Sun Jul 02 09:31:55 UTC 2023"><testcase classname="Test.APITest" name="verifyEmployerID" time="3.199"/></testsuite>