<?xml version="1.0" encoding="UTF-8" standalone="yes"?><testsuite errors="0" failures="0" hostName="fv-az354-187" name="JSystem Reporter" tests="1" time="7.326" timeStamp="Sat Jul 01 16:48:42 UTC 2023"><testcase classname="Test.APITest" name="verifySupportData" time="6.753"/></testsuite>