<?xml version="1.0" encoding="UTF-8" standalone="yes"?><testsuite errors="0" failures="0" hostName="fv-az254-767" name="JSystem Reporter" tests="1" time="4.746" timeStamp="Sat Jul 01 08:33:45 UTC 2023"><testcase classname="Test.APITest" name="verifyEmployerID" time="3.891"/></testsuite>