<?xml version="1.0" encoding="UTF-8" standalone="yes"?><testsuite errors="0" failures="0" hostName="fv-az189-858" name="JSystem Reporter" tests="1" time="4.893" timeStamp="Sat Jul 01 06:12:59 UTC 2023"><testcase classname="Test.APITest" name="employerName" time="4.142"/></testsuite>