<?xml version="1.0" encoding="UTF-8" standalone="yes"?><testsuite errors="0" failures="0" hostName="fv-az453-135" name="JSystem Reporter" tests="1" time="10.628" timeStamp="Sun Jul 02 08:45:34 UTC 2023"><testcase classname="Test.APITest" name="alreadyExistUser" time="9.763"/></testsuite>