<?xml version="1.0" encoding="UTF-8" standalone="yes"?><testsuite errors="0" failures="0" hostName="fv-az305-256" name="JSystem Reporter" tests="1" time="4.377" timeStamp="Sat Jul 01 08:35:39 UTC 2023"><testcase classname="Test.APITest" name="employerName" time="3.638"/></testsuite>