<?xml version="1.0" encoding="UTF-8" standalone="yes"?><testsuite errors="0" failures="0" hostName="fv-az573-973" name="JSystem Reporter" tests="1" time="14.22" timeStamp="Sat Jul 01 17:41:48 UTC 2023"><testcase classname="Test.APITest" name="checkEligibilityValidation" time="12.713"/></testsuite>