<?xml version="1.0" encoding="UTF-8" standalone="yes"?><testsuite errors="0" failures="0" hostName="fv-az203-141" name="JSystem Reporter" tests="1" time="5.933" timeStamp="Thu Jun 29 09:13:18 UTC 2023"><testcase classname="Test.APITest" name="verifyNegativeEmployerID" time="4.665"/></testsuite>