<?xml version="1.0" encoding="UTF-8" standalone="yes"?><testsuite errors="0" failures="0" hostName="fv-az298-658" name="JSystem Reporter" tests="1" time="9.301" timeStamp="Sun Jul 02 08:43:39 UTC 2023"><testcase classname="Test.APITest" name="alreadyExistUser" time="8.654"/></testsuite>