<?xml version="1.0" encoding="UTF-8" standalone="yes"?><testsuite errors="0" failures="0" hostName="fv-az358-31" name="JSystem Reporter" tests="1" time="7.73" timeStamp="Sat Jul 01 10:40:38 UTC 2023"><testcase classname="Test.APITest" name="alreadyExistUser" time="7.238"/></testsuite>